<?xml version="1.0" encoding="UTF-8"?>
<testsuite name="BoutCamp.AppTest" tests="1" skipped="0" failures="0" errors="0" timestamp="2019-09-21T14:43:22" hostname="OCTAVIUS" time="0.008">
  <properties/>
  <testcase name="appHasAGreeting()" classname="BoutCamp.AppTest" time="0.008"/>
  <system-out><![CDATA[]]></system-out>
  <system-err><![CDATA[]]></system-err>
</testsuite>
